<?xml version="1.0" encoding="UTF-8"?>
<!-- Generated by org.testng.reporters.JUnitXMLReporter -->
<testsuite ignored="8" hostname="DESKTOP-F8I6CN8" failures="0" tests="2" name="Default test" time="43.512" errors="0" timestamp="2024-11-08T19:43:17 AST">
  <testcase classname="almosafer_test.almosafer" name="RandomlyChangeTheLanguage" time="18.051"/>
  <testcase classname="almosafer_test.almosafer" name="CheckTheSortOption" time="19.689"/>
  <testcase classname="almosafer_test.almosafer" name="findResults" time="0.0">
    <ignored/>
  </testcase> <!-- findResults -->
  <testcase classname="almosafer_test.almosafer" name="CheckReturnDate" time="0.0">
    <ignored/>
  </testcase> <!-- CheckReturnDate -->
  <testcase classname="almosafer_test.almosafer" name="CheckQitafLogoIsThereInTheFooter" time="0.0">
    <ignored/>
  </testcase> <!-- CheckQitafLogoIsThereInTheFooter -->
  <testcase classname="almosafer_test.almosafer" name="CheckDepatureDate" time="0.0">
    <ignored/>
  </testcase> <!-- CheckDepatureDate -->
  <testcase classname="almosafer_test.almosafer" name="CheckContactNumber" time="0.0">
    <ignored/>
  </testcase> <!-- CheckContactNumber -->
  <testcase classname="almosafer_test.almosafer" name="CheckLanguage" time="0.0">
    <ignored/>
  </testcase> <!-- CheckLanguage -->
  <testcase classname="almosafer_test.almosafer" name="CheckTheDefaultCurrencyIsSAR" time="0.0">
    <ignored/>
  </testcase> <!-- CheckTheDefaultCurrencyIsSAR -->
  <testcase classname="almosafer_test.almosafer" name="CheckHotelTabIsNotSelected" time="0.0">
    <ignored/>
  </testcase> <!-- CheckHotelTabIsNotSelected -->
</testsuite> <!-- Default test -->
