<?xml version="1.0" encoding="UTF-8"?>
<testng-results ignored="8" total="10" passed="2" failed="0" skipped="0">
  <reporter-output>
  </reporter-output>
  <suite started-at="2024-11-08T19:42:33 AST" name="Default suite" finished-at="2024-11-08T19:43:17 AST" duration-ms="43512">
    <groups>
    </groups>
    <test started-at="2024-11-08T19:42:33 AST" name="Default test" finished-at="2024-11-08T19:43:17 AST" duration-ms="43512">
      <class name="almosafer_test.almosafer">
        <test-method is-config="true" signature="Setup()[pri:0, instance:almosafer_test.almosafer@65045a87]" started-at="2024-11-08T19:42:33 AST" name="Setup" finished-at="2024-11-08T19:42:39 AST" duration-ms="5689" status="PASS">
          <reporter-output>
          </reporter-output>
        </test-method> <!-- Setup -->
        <test-method signature="RandomlyChangeTheLanguage()[pri:8, instance:almosafer_test.almosafer@65045a87]" started-at="2024-11-08T19:42:39 AST" name="RandomlyChangeTheLanguage" finished-at="2024-11-08T19:42:57 AST" duration-ms="18051" status="PASS">
          <reporter-output>
          </reporter-output>
        </test-method> <!-- RandomlyChangeTheLanguage -->
        <test-method signature="CheckTheSortOption()[pri:10, instance:almosafer_test.almosafer@65045a87]" started-at="2024-11-08T19:42:57 AST" name="CheckTheSortOption" finished-at="2024-11-08T19:43:17 AST" duration-ms="19689" status="PASS">
          <reporter-output>
          </reporter-output>
        </test-method> <!-- CheckTheSortOption -->
      </class> <!-- almosafer_test.almosafer -->
    </test> <!-- Default test -->
  </suite> <!-- Default suite -->
</testng-results>
